<?xml version="1.0" encoding="UTF-8"?>
<!-- Generated by org.testng.reporters.JUnitReportReporter -->
<testsuite hostname="DESKTOP-S4R4SLE" failures="0" tests="1" name="demo.Test1" time="7.852" errors="0" timestamp="2021-07-28T19:14:51 BST" skipped="0">
  <testcase classname="demo.Test1" name="test1" time="7.852"/>
  <system-out/>
</testsuite> <!-- demo.Test1 -->
