<?xml version="1.0" encoding="UTF-8"?>
<!-- Generated by org.testng.reporters.JUnitReportReporter -->
<testsuite hostname="DESKTOP-S4R4SLE" failures="0" tests="4" name="demo.testNGGroupsDemo" time="0.007" errors="0" timestamp="2021-07-27T21:49:10 BST" skipped="0">
  <testcase classname="demo.testNGGroupsDemo" name="test1" time="0.006"/>
  <system-out/>
  <testcase classname="demo.testNGGroupsDemo" name="test4" time="0.000"/>
  <system-out/>
  <testcase classname="demo.testNGGroupsDemo" name="test2" time="0.001"/>
  <system-out/>
  <testcase classname="demo.testNGGroupsDemo" name="test3" time="0.000"/>
  <system-out/>
</testsuite> <!-- demo.testNGGroupsDemo -->
