<?xml version="1.0" encoding="UTF-8"?>
<!-- Generated by org.testng.reporters.JUnitReportReporter -->
<testsuite hostname="DESKTOP-S4R4SLE" failures="0" tests="1" name="test.TestNG_Demo" time="4.511" errors="0" timestamp="2021-07-26T06:22:50 BST" skipped="0">
  <testcase classname="test.TestNG_Demo" name="googleSearch" time="4.511"/>
  <system-out/>
</testsuite> <!-- test.TestNG_Demo -->
