<?xml version="1.0" encoding="UTF-8"?>
<!-- Generated by org.testng.reporters.JUnitReportReporter -->
<testsuite hostname="DESKTOP-S4R4SLE" failures="0" tests="4" name="utils.ExcelDateProvider" time="21.246" errors="0" timestamp="2021-07-28T22:56:22 BST" skipped="0">
  <testcase classname="utils.ExcelDateProvider" name="test1" time="4.728"/>
  <system-out/>
  <testcase classname="utils.ExcelDateProvider" name="test1" time="4.737"/>
  <system-out/>
  <testcase classname="utils.ExcelDateProvider" name="test1" time="4.563"/>
  <system-out/>
  <testcase classname="utils.ExcelDateProvider" name="test1" time="7.218"/>
  <system-out/>
</testsuite> <!-- utils.ExcelDateProvider -->
