<?xml version="1.0" encoding="UTF-8"?>
<!-- Generated by org.testng.reporters.JUnitReportReporter -->
<testsuite hostname="DESKTOP-S4R4SLE" failures="0" tests="3" name="demo.TestNGPriorityDemo" time="0.008" errors="0" timestamp="2021-07-27T21:59:02 BST" skipped="0">
  <testcase classname="demo.TestNGPriorityDemo" name="test1" time="0.007"/>
  <system-out/>
  <testcase classname="demo.TestNGPriorityDemo" name="test2" time="0.001"/>
  <system-out/>
  <testcase classname="demo.TestNGPriorityDemo" name="test3" time="0.000"/>
  <system-out/>
</testsuite> <!-- demo.TestNGPriorityDemo -->
