<?xml version="1.0" encoding="UTF-8"?>
<!-- Generated by org.testng.reporters.JUnitReportReporter -->
<testsuite hostname="DESKTOP-S4R4SLE" failures="0" tests="1" name="demo.TestNGIgnoreDemo" time="0.006" errors="0" timestamp="2021-07-27T21:55:34 BST" skipped="0">
  <testcase classname="demo.TestNGIgnoreDemo" name="test2" time="0.006"/>
  <system-out/>
</testsuite> <!-- demo.TestNGIgnoreDemo -->
